Warning: Ignoring XDG_SESSION_TYPE=wayland on Gnome. Use QT_QPA_PLATFORM=wayland to run on Wayland anyway.
Traceback (most recent call last):
  File "/home/smagri/.local/lib/python3.6/site-packages/serial/serialposix.py", line 265, in open
    self.fd = os.open(self.portstr, os.O_RDWR | os.O_NOCTTY | os.O_NONBLOCK)
IsADirectoryError: [Errno 21] Is a directory: '/'

During handling of the above exception, another exception occurred:

Traceback (most recent call last):
  File "./dsuLCD.pyqt5.py", line 48, in timerCbk
    serialPort = serial.Serial(port = readStr, baudrate = 9600, timeout=0)
  File "/home/smagri/.local/lib/python3.6/site-packages/serial/serialutil.py", line 240, in __init__
    self.open()
  File "/home/smagri/.local/lib/python3.6/site-packages/serial/serialposix.py", line 268, in open
    raise SerialException(msg.errno, "could not open port {}: {}".format(self._port, msg))
serial.serialutil.SerialException: [Errno 21] could not open port /: [Errno 21] Is a directory: '/'
Traceback (most recent call last):
  File "/home/smagri/.local/lib/python3.6/site-packages/serial/serialposix.py", line 265, in open
    self.fd = os.open(self.portstr, os.O_RDWR | os.O_NOCTTY | os.O_NONBLOCK)
FileNotFoundError: [Errno 2] No such file or directory: '/d'

During handling of the above exception, another exception occurred:

Traceback (most recent call last):
  File "./dsuLCD.pyqt5.py", line 48, in timerCbk
    serialPort = serial.Serial(port = readStr, baudrate = 9600, timeout=0)
  File "/home/smagri/.local/lib/python3.6/site-packages/serial/serialutil.py", line 240, in __init__
    self.open()
  File "/home/smagri/.local/lib/python3.6/site-packages/serial/serialposix.py", line 268, in open
    raise SerialException(msg.errno, "could not open port {}: {}".format(self._port, msg))
serial.serialutil.SerialException: [Errno 2] could not open port /d: [Errno 2] No such file or directory: '/d'
Traceback (most recent call last):
  File "/home/smagri/.local/lib/python3.6/site-packages/serial/serialposix.py", line 265, in open
    self.fd = os.open(self.portstr, os.O_RDWR | os.O_NOCTTY | os.O_NONBLOCK)
FileNotFoundError: [Errno 2] No such file or directory: '/de'

During handling of the above exception, another exception occurred:

Traceback (most recent call last):
  File "./dsuLCD.pyqt5.py", line 48, in timerCbk
    serialPort = serial.Serial(port = readStr, baudrate = 9600, timeout=0)
  File "/home/smagri/.local/lib/python3.6/site-packages/serial/serialutil.py", line 240, in __init__
    self.open()
  File "/home/smagri/.local/lib/python3.6/site-packages/serial/serialposix.py", line 268, in open
    raise SerialException(msg.errno, "could not open port {}: {}".format(self._port, msg))
serial.serialutil.SerialException: [Errno 2] could not open port /de: [Errno 2] No such file or directory: '/de'
Traceback (most recent call last):
  File "/home/smagri/.local/lib/python3.6/site-packages/serial/serialposix.py", line 265, in open
    self.fd = os.open(self.portstr, os.O_RDWR | os.O_NOCTTY | os.O_NONBLOCK)
IsADirectoryError: [Errno 21] Is a directory: '/dev'

During handling of the above exception, another exception occurred:

Traceback (most recent call last):
  File "./dsuLCD.pyqt5.py", line 48, in timerCbk
    serialPort = serial.Serial(port = readStr, baudrate = 9600, timeout=0)
  File "/home/smagri/.local/lib/python3.6/site-packages/serial/serialutil.py", line 240, in __init__
    self.open()
  File "/home/smagri/.local/lib/python3.6/site-packages/serial/serialposix.py", line 268, in open
    raise SerialException(msg.errno, "could not open port {}: {}".format(self._port, msg))
serial.serialutil.SerialException: [Errno 21] could not open port /dev: [Errno 21] Is a directory: '/dev'
Traceback (most recent call last):
  File "/home/smagri/.local/lib/python3.6/site-packages/serial/serialposix.py", line 265, in open
    self.fd = os.open(self.portstr, os.O_RDWR | os.O_NOCTTY | os.O_NONBLOCK)
IsADirectoryError: [Errno 21] Is a directory: '/dev'

During handling of the above exception, another exception occurred:

Traceback (most recent call last):
  File "./dsuLCD.pyqt5.py", line 48, in timerCbk
    serialPort = serial.Serial(port = readStr, baudrate = 9600, timeout=0)
  File "/home/smagri/.local/lib/python3.6/site-packages/serial/serialutil.py", line 240, in __init__
    self.open()
  File "/home/smagri/.local/lib/python3.6/site-packages/serial/serialposix.py", line 268, in open
    raise SerialException(msg.errno, "could not open port {}: {}".format(self._port, msg))
serial.serialutil.SerialException: [Errno 21] could not open port /dev: [Errno 21] Is a directory: '/dev'
Traceback (most recent call last):
  File "/home/smagri/.local/lib/python3.6/site-packages/serial/serialposix.py", line 265, in open
    self.fd = os.open(self.portstr, os.O_RDWR | os.O_NOCTTY | os.O_NONBLOCK)
IsADirectoryError: [Errno 21] Is a directory: '/dev/'

During handling of the above exception, another exception occurred:

Traceback (most recent call last):
  File "./dsuLCD.pyqt5.py", line 48, in timerCbk
    serialPort = serial.Serial(port = readStr, baudrate = 9600, timeout=0)
  File "/home/smagri/.local/lib/python3.6/site-packages/serial/serialutil.py", line 240, in __init__
    self.open()
  File "/home/smagri/.local/lib/python3.6/site-packages/serial/serialposix.py", line 268, in open
    raise SerialException(msg.errno, "could not open port {}: {}".format(self._port, msg))
serial.serialutil.SerialException: [Errno 21] could not open port /dev/: [Errno 21] Is a directory: '/dev/'
Traceback (most recent call last):
  File "/home/smagri/.local/lib/python3.6/site-packages/serial/serialposix.py", line 265, in open
    self.fd = os.open(self.portstr, os.O_RDWR | os.O_NOCTTY | os.O_NONBLOCK)
IsADirectoryError: [Errno 21] Is a directory: '/dev/'

During handling of the above exception, another exception occurred:

Traceback (most recent call last):
  File "./dsuLCD.pyqt5.py", line 48, in timerCbk
    serialPort = serial.Serial(port = readStr, baudrate = 9600, timeout=0)
  File "/home/smagri/.local/lib/python3.6/site-packages/serial/serialutil.py", line 240, in __init__
    self.open()
  File "/home/smagri/.local/lib/python3.6/site-packages/serial/serialposix.py", line 268, in open
    raise SerialException(msg.errno, "could not open port {}: {}".format(self._port, msg))
serial.serialutil.SerialException: [Errno 21] could not open port /dev/: [Errno 21] Is a directory: '/dev/'
Traceback (most recent call last):
  File "/home/smagri/.local/lib/python3.6/site-packages/serial/serialposix.py", line 265, in open
    self.fd = os.open(self.portstr, os.O_RDWR | os.O_NOCTTY | os.O_NONBLOCK)
FileNotFoundError: [Errno 2] No such file or directory: '/dev/t'

During handling of the above exception, another exception occurred:

Traceback (most recent call last):
  File "./dsuLCD.pyqt5.py", line 48, in timerCbk
    serialPort = serial.Serial(port = readStr, baudrate = 9600, timeout=0)
  File "/home/smagri/.local/lib/python3.6/site-packages/serial/serialutil.py", line 240, in __init__
    self.open()
  File "/home/smagri/.local/lib/python3.6/site-packages/serial/serialposix.py", line 268, in open
    raise SerialException(msg.errno, "could not open port {}: {}".format(self._port, msg))
serial.serialutil.SerialException: [Errno 2] could not open port /dev/t: [Errno 2] No such file or directory: '/dev/t'
Traceback (most recent call last):
  File "/home/smagri/.local/lib/python3.6/site-packages/serial/serialposix.py", line 265, in open
    self.fd = os.open(self.portstr, os.O_RDWR | os.O_NOCTTY | os.O_NONBLOCK)
FileNotFoundError: [Errno 2] No such file or directory: '/dev/t'

During handling of the above exception, another exception occurred:

Traceback (most recent call last):
  File "./dsuLCD.pyqt5.py", line 48, in timerCbk
    serialPort = serial.Serial(port = readStr, baudrate = 9600, timeout=0)
  File "/home/smagri/.local/lib/python3.6/site-packages/serial/serialutil.py", line 240, in __init__
    self.open()
  File "/home/smagri/.local/lib/python3.6/site-packages/serial/serialposix.py", line 268, in open
    raise SerialException(msg.errno, "could not open port {}: {}".format(self._port, msg))
serial.serialutil.SerialException: [Errno 2] could not open port /dev/t: [Errno 2] No such file or directory: '/dev/t'dbg:dsuLCD:timerCbk: in timerCbk
dbg:dsuLCD:timerCbk: in timerCbk
dbg:dsuLCD:timerCbk: in timerCbk
dbg:dsuLCD:timerCbk: in timerCbk
dbg:dsuLCD:timerCbk: in timerCbk
dbg:dsuLCD:timerCbk: in timerCbk
dbg:dsuLCD:timerCbk: in timerCbk
dbg:dsuLCD:timerCbk: in timerCbk
dbg:dsuLCD:timerCbk: in timerCbk
dbg:dsuLCD:timerCbk: in timerCbk
dbg:dsuLCD:timerCbk: in timerCbk
dbg:dsuLCD:timerCbk: in timerCbk
dbg:dsuLCD:timerCbk: in timerCbk
dbg:dsuLCD:timerCbk: in timerCbk
dbg:dsuLCD:timerCbk: in timerCbk
dbg:dsuLCD:timerCbk: in timerCbk
dbg:dsuLCD:timerCbk: in timerCbk
dbg:dsuLCD:timerCbk: in timerCbk
dbg:dsuLCD:timerCbk: in timerCbk
dbg:dsuLCD:timerCbk: in timerCbk
dbg:dsuLCD:timerCbk: in timerCbk
dbg:dsuLCD:timerCbk: in timerCbk
dbg:dsuLCD:timerCbk: in timerCbk
dbg:dsuLCD:timerCbk: in timerCbk
readStr is portname/
dbg:dsuLCD:timerCbk: in timerCbk
readStr is portname/d
dbg:dsuLCD:timerCbk: in timerCbk
readStr is portname/de
dbg:dsuLCD:timerCbk: in timerCbk
readStr is portname/dev
dbg:dsuLCD:timerCbk: in timerCbk
readStr is portname/dev
dbg:dsuLCD:timerCbk: in timerCbk
readStr is portname/dev/
dbg:dsuLCD:timerCbk: in timerCbk
readStr is portname/dev/
dbg:dsuLCD:timerCbk: in timerCbk
readStr is portname/dev/t
dbg:dsuLCD:timerCbk: in timerCbk
readStr is portname/dev/t
dbg:dsuLCD:timerCbk: in timerCbk
readStr is portname/dev/tt
dbg:dsuLCD:timerCbk: in timerCbk
readStr is portname/dev/tty
dbg:dsuLCD:timerCbk: lengthReadStr is 3
dbg:dsuLCD:timerCbk: readDistanceStr is b''
dbg:dsuLCD:timerCbk: distance is 
dbg:dsuLCD:timerCbk: in timerCbk
readStr is portname/dev/tty
dbg:dsuLCD:timerCbk: lengthReadStr is 3
dbg:dsuLCD:timerCbk: readDistanceStr is b''
dbg:dsuLCD:timerCbk: distance is 
dbg:dsuLCD:timerCbk: in timerCbk
readStr is portname/dev/tty
dbg:dsuLCD:timerCbk: lengthReadStr is 3
dbg:dsuLCD:timerCbk: readDistanceStr is b''
dbg:dsuLCD:timerCbk: distance is 
dbg:dsuLCD:timerCbk: in timerCbk
readStr is portname/dev/tty
dbg:dsuLCD:timerCbk: lengthReadStr is 3
dbg:dsuLCD:timerCbk: readDistanceStr is b''
dbg:dsuLCD:timerCbk: distance is 
dbg:dsuLCD:timerCbk: in timerCbk
readStr is portname/dev/tty
dbg:dsuLCD:timerCbk: lengthReadStr is 3
dbg:dsuLCD:timerCbk: readDistanceStr is b''
dbg:dsuLCD:timerCbk: distance is 
dbg:dsuLCD:timerCbk: in timerCbk
readStr is portname/dev/ttyU
dbg:dsuLCD:timerCbk: in timerCbk
readStr is portname/dev/ttyUS
dbg:dsuLCD:timerCbk: in timerCbk
readStr is portname/dev/ttyUSB
dbg:dsuLCD:timerCbk: in timerCbk
readStr is portname/dev/ttyUSB
dbg:dsuLCD:timerCbk: in timerCbk
readStr is portname/dev/ttyUSB
dbg:dsuLCD:timerCbk: in timerCbk
readStr is portname/dev/ttyUSB0
dbg:dsuLCD:timerCbk: lengthReadStr is 3
dbg:dsuLCD:timerCbk: readDistanceStr is b''
dbg:dsuLCD:timerCbk: distance is 
dbg:dsuLCD:timerCbk: in timerCbk
readStr is portname/dev/ttyUSB0
dbg:dsuLCD:timerCbk: lengthReadStr is 3
dbg:dsuLCD:timerCbk: readDistanceStr is b''
dbg:dsuLCD:timerCbk: distance is 
dbg:dsuLCD:timerCbk: in timerCbk
readStr is portname/dev/ttyUSB0
dbg:dsuLCD:timerCbk: lengthReadStr is 3
dbg:dsuLCD:timerCbk: readDistanceStr is b''
dbg:dsuLCD:timerCbk: distance is 
dbg:dsuLCD:timerCbk: in timerCbk
readStr is portname/dev/ttyUSB0
dbg:dsuLCD:timerCbk: lengthReadStr is 3
dbg:dsuLCD:timerCbk: readDistanceStr is b''
dbg:dsuLCD:timerCbk: distance is 
dbg:dsuLCD:timerCbk: in timerCbk
readStr is portname/dev/ttyUSB0
dbg:dsuLCD:timerCbk: lengthReadStr is 3
dbg:dsuLCD:timerCbk: readDistanceStr is b''
dbg:dsuLCD:timerCbk: distance is 
dbg:dsuLCD:timerCbk: in timerCbk
readStr is portname/dev/ttyUSB0
dbg:dsuLCD:timerCbk: lengthReadStr is 3
dbg:dsuLCD:timerCbk: readDistanceStr is b''
dbg:dsuLCD:timerCbk: distance is 
dbg:dsuLCD:timerCbk: in timerCbk
readStr is portname/dev/ttyUSB0
dbg:dsuLCD:timerCbk: lengthReadStr is 3
dbg:dsuLCD:timerCbk: readDistanceStr is b''
dbg:dsuLCD:timerCbk: distance is 
dbg:dsuLCD:timerCbk: in timerCbk
readStr is portname/dev/ttyUSB0
dbg:dsuLCD:timerCbk: lengthReadStr is 3
dbg:dsuLCD:timerCbk: readDistanceStr is b''
dbg:dsuLCD:timerCbk: distance is 
dbg:dsuLCD:timerCbk: in timerCbk
readStr is portname/dev/ttyUSB0
dbg:dsuLCD:timerCbk: lengthReadStr is 3
dbg:dsuLCD:timerCbk: readDistanceStr is b''
dbg:dsuLCD:timerCbk: distance is 
dbg:dsuLCD:timerCbk: in timerCbk
readStr is portname/dev/ttyUSB0
dbg:dsuLCD:timerCbk: lengthReadStr is 3
dbg:dsuLCD:timerCbk: readDistanceStr is b''
dbg:dsuLCD:timerCbk: distance is 
dbg:dsuLCD:timerCbk: in timerCbk
readStr is portname/dev/ttyUSB0
dbg:dsuLCD:timerCbk: lengthReadStr is 3
dbg:dsuLCD:timerCbk: readDistanceStr is b''
dbg:dsuLCD:timerCbk: distance is 
dbg:dsuLCD:timerCbk: in timerCbk
readStr is portname/dev/ttyUSB0
dbg:dsuLCD:timerCbk: lengthReadStr is 3
dbg:dsuLCD:timerCbk: readDistanceStr is b''
dbg:dsuLCD:timerCbk: distance is 
dbg:dsuLCD:timerCbk: in timerCbk
readStr is portname/dev/ttyUSB0
dbg:dsuLCD:timerCbk: lengthReadStr is 3
dbg:dsuLCD:timerCbk: readDistanceStr is b''
dbg:dsuLCD:timerCbk: distance is 
dbg:dsuLCD:timerCbk: in timerCbk
readStr is portname/dev/ttyUSB0
dbg:dsuLCD:timerCbk: lengthReadStr is 3
dbg:dsuLCD:timerCbk: readDistanceStr is b''
dbg:dsuLCD:timerCbk: distance is 
dbg:dsuLCD:timerCbk: in timerCbk
readStr is portname/dev/ttyUSB0
dbg:dsuLCD:timerCbk: lengthReadStr is 3
dbg:dsuLCD:timerCbk: readDistanceStr is b''
dbg:dsuLCD:timerCbk: distance is 
dbg:dsuLCD:timerCbk: in timerCbk
readStr is portname/dev/ttyUSB0
dbg:dsuLCD:timerCbk: lengthReadStr is 3
dbg:dsuLCD:timerCbk: readDistanceStr is b''
dbg:dsuLCD:timerCbk: distance is 
dbg:dsuLCD:timerCbk: in timerCbk
readStr is portname/dev/ttyUSB0
dbg:dsuLCD:timerCbk: lengthReadStr is 3
dbg:dsuLCD:timerCbk: readDistanceStr is b''
dbg:dsuLCD:timerCbk: distance is 
dbg:dsuLCD:timerCbk: in timerCbk
readStr is portname/dev/ttyUSB0
dbg:dsuLCD:timerCbk: lengthReadStr is 3
dbg:dsuLCD:timerCbk: readDistanceStr is b''
dbg:dsuLCD:timerCbk: distance is 
dbg:dsuLCD:timerCbk: in timerCbk
readStr is portname/dev/ttyUSB0
dbg:dsuLCD:timerCbk: lengthReadStr is 3
dbg:dsuLCD:timerCbk: readDistanceStr is b''
dbg:dsuLCD:timerCbk: distance is 
dbg:dsuLCD:timerCbk: in timerCbk
readStr is portname/dev/ttyUSB0
dbg:dsuLCD:timerCbk: lengthReadStr is 3
dbg:dsuLCD:timerCbk: readDistanceStr is b''
dbg:dsuLCD:timerCbk: distance is 
dbg:dsuLCD:timerCbk: in timerCbk
readStr is portname/dev/ttyUSB0
dbg:dsuLCD:timerCbk: lengthReadStr is 3
dbg:dsuLCD:timerCbk: readDistanceStr is b''
dbg:dsuLCD:timerCbk: distance is 
dbg:dsuLCD:timerCbk: in timerCbk
readStr is portname/dev/ttyUSB0
dbg:dsuLCD:timerCbk: lengthReadStr is 3
dbg:dsuLCD:timerCbk: readDistanceStr is b''
dbg:dsuLCD:timerCbk: distance is 
dbg:dsuLCD:timerCbk: in timerCbk
readStr is portname/dev/ttyUSB0
dbg:dsuLCD:timerCbk: lengthReadStr is 3
dbg:dsuLCD:timerCbk: readDistanceStr is b''
dbg:dsuLCD:timerCbk: distance is 
dbg:dsuLCD:timerCbk: in timerCbk
readStr is portname/dev/ttyUSB0
dbg:dsuLCD:timerCbk: lengthReadStr is 3
dbg:dsuLCD:timerCbk: readDistanceStr is b''
dbg:dsuLCD:timerCbk: distance is 
dbg:dsuLCD:timerCbk: in timerCbk
readStr is portname/dev/ttyUSB0
dbg:dsuLCD:timerCbk: lengthReadStr is 3
dbg:dsuLCD:timerCbk: readDistanceStr is b''
dbg:dsuLCD:timerCbk: distance is 
dbg:dsuLCD:timerCbk: in timerCbk
readStr is portname/dev/ttyUSB0
dbg:dsuLCD:timerCbk: lengthReadStr is 3
dbg:dsuLCD:timerCbk: readDistanceStr is b''
dbg:dsuLCD:timerCbk: distance is 
dbg:dsuLCD:timerCbk: in timerCbk
readStr is portname/dev/ttyUSB0
dbg:dsuLCD:timerCbk: lengthReadStr is 3
dbg:dsuLCD:timerCbk: readDistanceStr is b''
dbg:dsuLCD:timerCbk: distance is 
dbg:dsuLCD:timerCbk: in timerCbk
readStr is portname/dev/ttyUSB0
dbg:dsuLCD:timerCbk: lengthReadStr is 3
dbg:dsuLCD:timerCbk: readDistanceStr is b''
dbg:dsuLCD:timerCbk: distance is 
dbg:dsuLCD:timerCbk: in timerCbk
readStr is portname/dev/ttyUSB0
dbg:dsuLCD:timerCbk: lengthReadStr is 3
dbg:dsuLCD:timerCbk: readDistanceStr is b''
dbg:dsuLCD:timerCbk: distance is 
dbg:dsuLCD:timerCbk: in timerCbk
readStr is portname/dev/ttyUSB0
dbg:dsuLCD:timerCbk: lengthReadStr is 3
dbg:dsuLCD:timerCbk: readDistanceStr is b''
dbg:dsuLCD:timerCbk: distance is 
dbg:dsuLCD:timerCbk: in timerCbk
readStr is portname/dev/ttyUSB0
dbg:dsuLCD:timerCbk: lengthReadStr is 3
dbg:dsuLCD:timerCbk: readDistanceStr is b''
dbg:dsuLCD:timerCbk: distance is 
Traceback (most recent call last):
  File "/home/smagri/.local/lib/python3.6/site-packages/serial/serialposix.py", line 265, in open
    self.fd = os.open(self.portstr, os.O_RDWR | os.O_NOCTTY | os.O_NONBLOCK)
FileNotFoundError: [Errno 2] No such file or directory: '/dev/tt'

During handling of the above exception, another exception occurred:

Traceback (most recent call last):
  File "./dsuLCD.pyqt5.py", line 48, in timerCbk
    serialPort = serial.Serial(port = readStr, baudrate = 9600, timeout=0)
  File "/home/smagri/.local/lib/python3.6/site-packages/serial/serialutil.py", line 240, in __init__
    self.open()
  File "/home/smagri/.local/lib/python3.6/site-packages/serial/serialposix.py", line 268, in open
    raise SerialException(msg.errno, "could not open port {}: {}".format(self._port, msg))
serial.serialutil.SerialException: [Errno 2] could not open port /dev/tt: [Errno 2] No such file or directory: '/dev/tt'
Traceback (most recent call last):
  File "/home/smagri/.local/lib/python3.6/site-packages/serial/serialposix.py", line 265, in open
    self.fd = os.open(self.portstr, os.O_RDWR | os.O_NOCTTY | os.O_NONBLOCK)
FileNotFoundError: [Errno 2] No such file or directory: '/dev/ttyU'

During handling of the above exception, another exception occurred:

Traceback (most recent call last):
  File "./dsuLCD.pyqt5.py", line 48, in timerCbk
    serialPort = serial.Serial(port = readStr, baudrate = 9600, timeout=0)
  File "/home/smagri/.local/lib/python3.6/site-packages/serial/serialutil.py", line 240, in __init__
    self.open()
  File "/home/smagri/.local/lib/python3.6/site-packages/serial/serialposix.py", line 268, in open
    raise SerialException(msg.errno, "could not open port {}: {}".format(self._port, msg))
serial.serialutil.SerialException: [Errno 2] could not open port /dev/ttyU: [Errno 2] No such file or directory: '/dev/ttyU'
Traceback (most recent call last):
  File "/home/smagri/.local/lib/python3.6/site-packages/serial/serialposix.py", line 265, in open
    self.fd = os.open(self.portstr, os.O_RDWR | os.O_NOCTTY | os.O_NONBLOCK)
FileNotFoundError: [Errno 2] No such file or directory: '/dev/ttyUS'

During handling of the above exception, another exception occurred:

Traceback (most recent call last):
  File "./dsuLCD.pyqt5.py", line 48, in timerCbk
    serialPort = serial.Serial(port = readStr, baudrate = 9600, timeout=0)
  File "/home/smagri/.local/lib/python3.6/site-packages/serial/serialutil.py", line 240, in __init__
    self.open()
  File "/home/smagri/.local/lib/python3.6/site-packages/serial/serialposix.py", line 268, in open
    raise SerialException(msg.errno, "could not open port {}: {}".format(self._port, msg))
serial.serialutil.SerialException: [Errno 2] could not open port /dev/ttyUS: [Errno 2] No such file or directory: '/dev/ttyUS'
Traceback (most recent call last):
  File "/home/smagri/.local/lib/python3.6/site-packages/serial/serialposix.py", line 265, in open
    self.fd = os.open(self.portstr, os.O_RDWR | os.O_NOCTTY | os.O_NONBLOCK)
FileNotFoundError: [Errno 2] No such file or directory: '/dev/ttyUSB'

During handling of the above exception, another exception occurred:

Traceback (most recent call last):
  File "./dsuLCD.pyqt5.py", line 48, in timerCbk
    serialPort = serial.Serial(port = readStr, baudrate = 9600, timeout=0)
  File "/home/smagri/.local/lib/python3.6/site-packages/serial/serialutil.py", line 240, in __init__
    self.open()
  File "/home/smagri/.local/lib/python3.6/site-packages/serial/serialposix.py", line 268, in open
    raise SerialException(msg.errno, "could not open port {}: {}".format(self._port, msg))
serial.serialutil.SerialException: [Errno 2] could not open port /dev/ttyUSB: [Errno 2] No such file or directory: '/dev/ttyUSB'
Traceback (most recent call last):
  File "/home/smagri/.local/lib/python3.6/site-packages/serial/serialposix.py", line 265, in open
    self.fd = os.open(self.portstr, os.O_RDWR | os.O_NOCTTY | os.O_NONBLOCK)
FileNotFoundError: [Errno 2] No such file or directory: '/dev/ttyUSB'

During handling of the above exception, another exception occurred:

Traceback (most recent call last):
  File "./dsuLCD.pyqt5.py", line 48, in timerCbk
    serialPort = serial.Serial(port = readStr, baudrate = 9600, timeout=0)
  File "/home/smagri/.local/lib/python3.6/site-packages/serial/serialutil.py", line 240, in __init__
    self.open()
  File "/home/smagri/.local/lib/python3.6/site-packages/serial/serialposix.py", line 268, in open
    raise SerialException(msg.errno, "could not open port {}: {}".format(self._port, msg))
serial.serialutil.SerialException: [Errno 2] could not open port /dev/ttyUSB: [Errno 2] No such file or directory: '/dev/ttyUSB'
Traceback (most recent call last):
  File "/home/smagri/.local/lib/python3.6/site-packages/serial/serialposix.py", line 265, in open
    self.fd = os.open(self.portstr, os.O_RDWR | os.O_NOCTTY | os.O_NONBLOCK)
FileNotFoundError: [Errno 2] No such file or directory: '/dev/ttyUSB'

During handling of the above exception, another exception occurred:

Traceback (most recent call last):
  File "./dsuLCD.pyqt5.py", line 48, in timerCbk
    serialPort = serial.Serial(port = readStr, baudrate = 9600, timeout=0)
  File "/home/smagri/.local/lib/python3.6/site-packages/serial/serialutil.py", line 240, in __init__
    self.open()
  File "/home/smagri/.local/lib/python3.6/site-packages/serial/serialposix.py", line 268, in open
    raise SerialException(msg.errno, "could not open port {}: {}".format(self._port, msg))
serial.serialutil.SerialException: [Errno 2] could not open port /dev/ttyUSB: [Errno 2] No such file or directory: '/dev/ttyUSB'

